{"/home/vishal-kumar/.gemini/antigravity/scratch/forecast_ai/frontend/src/App.tsx": {"path":"/home/vishal-kumar/.gemini/antigravity/scratch/forecast_ai/frontend/src/App.tsx","statementMap":{"0":{"start":{"line":8,"column":35},"end":{"line":8,"column":46}},"1":{"start":{"line":10,"column":2},"end":{"line":54,"column":null}}},"fnMap":{"0":{"name":"App","decl":{"start":{"line":7,"column":9},"end":{"line":7,"column":15}},"loc":{"start":{"line":7,"column":15},"end":{"line":56,"column":null}},"line":7}},"branchMap":{"0":{"loc":{"start":{"line":11,"column":74},"end":{"line":11,"column":null}},"type":"cond-expr","locations":[{"start":{"line":11,"column":93},"end":{"line":11,"column":110}},{"start":{"line":11,"column":110},"end":{"line":11,"column":null}}],"line":11},"1":{"loc":{"start":{"line":39,"column":11},"end":{"line":48,"column":null}},"type":"cond-expr","locations":[{"start":{"line":40,"column":12},"end":{"line":48,"column":13}},{"start":{"line":48,"column":12},"end":{"line":48,"column":null}}],"line":39}},"s":{"0":2,"1":2},"f":{"0":2},"b":{"0":[2,0],"1":[2,0]},"meta":{"lastBranch":2,"lastFunction":1,"lastStatement":2,"seen":{"f:7:9:7:15":0,"s:8:35:8:46":0,"s:10:2:54:Infinity":1,"b:11:93:11:110:11:110:11:Infinity":0,"b:40:12:48:13:48:12:48:Infinity":1},"fnNames":{}}}
,"/home/vishal-kumar/.gemini/antigravity/scratch/forecast_ai/frontend/src/components/DynamicDashboard.tsx": {"path":"/home/vishal-kumar/.gemini/antigravity/scratch/forecast_ai/frontend/src/components/DynamicDashboard.tsx","statementMap":{"0":{"start":{"line":5,"column":6},"end":{"line":115,"column":null}},"1":{"start":{"line":6,"column":47},"end":{"line":6,"column":58}},"2":{"start":{"line":8,"column":2},"end":{"line":15,"column":null}},"3":{"start":{"line":9,"column":4},"end":{"line":13,"column":null}},"4":{"start":{"line":17,"column":54},"end":{"line":17,"column":null}},"5":{"start":{"line":20,"column":20},"end":{"line":22,"column":null}},"6":{"start":{"line":24,"column":2},"end":{"line":113,"column":null}},"7":{"start":{"line":38,"column":10},"end":{"line":41,"column":null}},"8":{"start":{"line":48,"column":10},"end":{"line":72,"column":null}},"9":{"start":{"line":90,"column":57},"end":{"line":90,"column":61}},"10":{"start":{"line":91,"column":57},"end":{"line":91,"column":63}}},"fnMap":{"0":{"name":"(anonymous_0)","decl":{"start":{"line":5,"column":6},"end":{"line":5,"column":41}},"loc":{"start":{"line":5,"column":41},"end":{"line":115,"column":null}},"line":5},"1":{"name":"(anonymous_1)","decl":{"start":{"line":37,"column":14},"end":{"line":37,"column":19}},"loc":{"start":{"line":38,"column":10},"end":{"line":41,"column":null}},"line":38},"2":{"name":"(anonymous_2)","decl":{"start":{"line":47,"column":16},"end":{"line":47,"column":21}},"loc":{"start":{"line":48,"column":10},"end":{"line":72,"column":null}},"line":48},"3":{"name":"(anonymous_3)","decl":{"start":{"line":90,"column":41},"end":{"line":90,"column":46}},"loc":{"start":{"line":90,"column":57},"end":{"line":90,"column":61}},"line":90},"4":{"name":"(anonymous_4)","decl":{"start":{"line":91,"column":41},"end":{"line":91,"column":46}},"loc":{"start":{"line":91,"column":57},"end":{"line":91,"column":63}},"line":91}},"branchMap":{"0":{"loc":{"start":{"line":8,"column":2},"end":{"line":15,"column":null}},"type":"if","locations":[{"start":{"line":8,"column":2},"end":{"line":15,"column":null}},{"start":{},"end":{}}],"line":8},"1":{"loc":{"start":{"line":17,"column":10},"end":{"line":17,"column":21}},"type":"default-arg","locations":[{"start":{"line":17,"column":17},"end":{"line":17,"column":21}}],"line":17},"2":{"loc":{"start":{"line":17,"column":21},"end":{"line":17,"column":34}},"type":"default-arg","locations":[{"start":{"line":17,"column":30},"end":{"line":17,"column":34}}],"line":17},"3":{"loc":{"start":{"line":17,"column":34},"end":{"line":17,"column":54}},"type":"default-arg","locations":[{"start":{"line":17,"column":45},"end":{"line":17,"column":54}}],"line":17},"4":{"loc":{"start":{"line":20,"column":20},"end":{"line":22,"column":null}},"type":"cond-expr","locations":[{"start":{"line":21,"column":6},"end":{"line":21,"column":null}},{"start":{"line":22,"column":6},"end":{"line":22,"column":null}}],"line":20},"5":{"loc":{"start":{"line":28,"column":9},"end":{"line":33,"column":null}},"type":"binary-expr","locations":[{"start":{"line":28,"column":9},"end":{"line":28,"column":null}},{"start":{"line":29,"column":10},"end":{"line":33,"column":null}}],"line":28},"6":{"loc":{"start":{"line":40,"column":58},"end":{"line":40,"column":93}},"type":"binary-expr","locations":[{"start":{"line":40,"column":58},"end":{"line":40,"column":71}},{"start":{"line":40,"column":71},"end":{"line":40,"column":93}}],"line":40},"7":{"loc":{"start":{"line":53,"column":21},"end":{"line":53,"column":null}},"type":"binary-expr","locations":[{"start":{"line":53,"column":21},"end":{"line":53,"column":37}},{"start":{"line":53,"column":37},"end":{"line":53,"column":null}}],"line":53},"8":{"loc":{"start":{"line":54,"column":21},"end":{"line":54,"column":null}},"type":"binary-expr","locations":[{"start":{"line":54,"column":21},"end":{"line":54,"column":37}},{"start":{"line":54,"column":37},"end":{"line":54,"column":null}}],"line":54},"9":{"loc":{"start":{"line":55,"column":24},"end":{"line":55,"column":null}},"type":"cond-expr","locations":[{"start":{"line":55,"column":48},"end":{"line":55,"column":60}},{"start":{"line":55,"column":60},"end":{"line":55,"column":null}}],"line":55},"10":{"loc":{"start":{"line":56,"column":24},"end":{"line":56,"column":null}},"type":"cond-expr","locations":[{"start":{"line":56,"column":48},"end":{"line":56,"column":66}},{"start":{"line":56,"column":66},"end":{"line":56,"column":null}}],"line":56},"11":{"loc":{"start":{"line":57,"column":35},"end":{"line":57,"column":76}},"type":"cond-expr","locations":[{"start":{"line":57,"column":54},"end":{"line":57,"column":66}},{"start":{"line":57,"column":66},"end":{"line":57,"column":76}}],"line":57},"12":{"loc":{"start":{"line":63,"column":33},"end":{"line":63,"column":74}},"type":"cond-expr","locations":[{"start":{"line":63,"column":52},"end":{"line":63,"column":64}},{"start":{"line":63,"column":64},"end":{"line":63,"column":74}}],"line":63},"13":{"loc":{"start":{"line":71,"column":13},"end":{"line":71,"column":null}},"type":"binary-expr","locations":[{"start":{"line":71,"column":13},"end":{"line":71,"column":29}},{"start":{"line":71,"column":29},"end":{"line":71,"column":null}}],"line":71},"14":{"loc":{"start":{"line":76,"column":9},"end":{"line":112,"column":null}},"type":"binary-expr","locations":[{"start":{"line":76,"column":9},"end":{"line":76,"column":null}},{"start":{"line":77,"column":10},"end":{"line":112,"column":null}}],"line":76},"15":{"loc":{"start":{"line":102,"column":33},"end":{"line":102,"column":74}},"type":"cond-expr","locations":[{"start":{"line":102,"column":52},"end":{"line":102,"column":64}},{"start":{"line":102,"column":64},"end":{"line":102,"column":74}}],"line":102}},"s":{"0":2,"1":1,"2":1,"3":1,"4":0,"5":0,"6":1,"7":0,"8":0,"9":0,"10":0},"f":{"0":1,"1":0,"2":0,"3":0,"4":0},"b":{"0":[1,0],"1":[0],"2":[0],"3":[0],"4":[0,0],"5":[1,0],"6":[0,0],"7":[0,0],"8":[0,0],"9":[0,0],"10":[0,0],"11":[0,0],"12":[0,0],"13":[0,0],"14":[1,0],"15":[0,0]},"meta":{"lastBranch":16,"lastFunction":5,"lastStatement":11,"seen":{"s:5:6:115:Infinity":0,"f:5:6:5:41":0,"s:6:47:6:58":1,"b:8:2:15:Infinity:undefined:undefined:undefined:undefined":0,"s:8:2:15:Infinity":2,"s:9:4:13:Infinity":3,"s:17:54:17:Infinity":4,"b:17:17:17:21":1,"b:17:30:17:34":2,"b:17:45:17:54":3,"s:20:20:22:Infinity":5,"b:21:6:21:Infinity:22:6:22:Infinity":4,"s:24:2:113:Infinity":6,"b:28:9:28:Infinity:29:10:33:Infinity":5,"f:37:14:37:19":1,"s:38:10:41:Infinity":7,"b:40:58:40:71:40:71:40:93":6,"f:47:16:47:21":2,"s:48:10:72:Infinity":8,"b:53:21:53:37:53:37:53:Infinity":7,"b:54:21:54:37:54:37:54:Infinity":8,"b:55:48:55:60:55:60:55:Infinity":9,"b:56:48:56:66:56:66:56:Infinity":10,"b:57:54:57:66:57:66:57:76":11,"b:63:52:63:64:63:64:63:74":12,"b:71:13:71:29:71:29:71:Infinity":13,"b:76:9:76:Infinity:77:10:112:Infinity":14,"f:90:41:90:46":3,"s:90:57:90:61":9,"f:91:41:91:46":4,"s:91:57:91:63":10,"b:102:52:102:64:102:64:102:74":15},"fnNames":{}}}
,"/home/vishal-kumar/.gemini/antigravity/scratch/forecast_ai/frontend/src/components/FileUploader.tsx": {"path":"/home/vishal-kumar/.gemini/antigravity/scratch/forecast_ai/frontend/src/components/FileUploader.tsx","statementMap":{"0":{"start":{"line":6,"column":6},"end":{"line":151,"column":null}},"1":{"start":{"line":7,"column":38},"end":{"line":7,"column":null}},"2":{"start":{"line":8,"column":26},"end":{"line":8,"column":null}},"3":{"start":{"line":9,"column":36},"end":{"line":9,"column":null}},"4":{"start":{"line":10,"column":31},"end":{"line":10,"column":42}},"5":{"start":{"line":12,"column":21},"end":{"line":17,"column":null}},"6":{"start":{"line":13,"column":4},"end":{"line":13,"column":null}},"7":{"start":{"line":14,"column":4},"end":{"line":14,"column":null}},"8":{"start":{"line":15,"column":4},"end":{"line":16,"column":null}},"9":{"start":{"line":15,"column":57},"end":{"line":15,"column":null}},"10":{"start":{"line":16,"column":9},"end":{"line":16,"column":null}},"11":{"start":{"line":16,"column":37},"end":{"line":16,"column":null}},"12":{"start":{"line":19,"column":21},"end":{"line":26,"column":null}},"13":{"start":{"line":20,"column":4},"end":{"line":20,"column":null}},"14":{"start":{"line":21,"column":4},"end":{"line":21,"column":null}},"15":{"start":{"line":22,"column":4},"end":{"line":22,"column":null}},"16":{"start":{"line":23,"column":4},"end":{"line":25,"column":null}},"17":{"start":{"line":24,"column":6},"end":{"line":24,"column":null}},"18":{"start":{"line":28,"column":23},"end":{"line":82,"column":null}},"19":{"start":{"line":29,"column":4},"end":{"line":29,"column":null}},"20":{"start":{"line":29,"column":15},"end":{"line":29,"column":null}},"21":{"start":{"line":30,"column":4},"end":{"line":30,"column":null}},"22":{"start":{"line":32,"column":21},"end":{"line":32,"column":null}},"23":{"start":{"line":33,"column":4},"end":{"line":33,"column":null}},"24":{"start":{"line":35,"column":4},"end":{"line":81,"column":null}},"25":{"start":{"line":40,"column":6},"end":{"line":77,"column":null}},"26":{"start":{"line":41,"column":8},"end":{"line":75,"column":null}},"27":{"start":{"line":76,"column":8},"end":{"line":76,"column":null}},"28":{"start":{"line":79,"column":6},"end":{"line":79,"column":null}},"29":{"start":{"line":80,"column":6},"end":{"line":80,"column":null}},"30":{"start":{"line":84,"column":2},"end":{"line":149,"column":null}},"31":{"start":{"line":119,"column":16},"end":{"line":121,"column":null}},"32":{"start":{"line":120,"column":18},"end":{"line":120,"column":null}},"33":{"start":{"line":130,"column":33},"end":{"line":130,"column":null}}},"fnMap":{"0":{"name":"(anonymous_0)","decl":{"start":{"line":6,"column":6},"end":{"line":6,"column":37}},"loc":{"start":{"line":6,"column":37},"end":{"line":151,"column":null}},"line":6},"1":{"name":"(anonymous_1)","decl":{"start":{"line":12,"column":21},"end":{"line":12,"column":34}},"loc":{"start":{"line":12,"column":57},"end":{"line":17,"column":5}},"line":12},"2":{"name":"(anonymous_2)","decl":{"start":{"line":19,"column":21},"end":{"line":19,"column":34}},"loc":{"start":{"line":19,"column":57},"end":{"line":26,"column":5}},"line":19},"3":{"name":"(anonymous_3)","decl":{"start":{"line":28,"column":23},"end":{"line":28,"column":35}},"loc":{"start":{"line":28,"column":35},"end":{"line":82,"column":null}},"line":28},"4":{"name":"(anonymous_4)","decl":{"start":{"line":40,"column":6},"end":{"line":40,"column":23}},"loc":{"start":{"line":40,"column":23},"end":{"line":77,"column":9}},"line":40},"5":{"name":"(anonymous_5)","decl":{"start":{"line":118,"column":14},"end":{"line":118,"column":26}},"loc":{"start":{"line":118,"column":32},"end":{"line":122,"column":null}},"line":118},"6":{"name":"(anonymous_6)","decl":{"start":{"line":130,"column":16},"end":{"line":130,"column":27}},"loc":{"start":{"line":130,"column":33},"end":{"line":130,"column":null}},"line":130}},"branchMap":{"0":{"loc":{"start":{"line":15,"column":4},"end":{"line":16,"column":null}},"type":"if","locations":[{"start":{"line":15,"column":4},"end":{"line":16,"column":null}},{"start":{"line":16,"column":9},"end":{"line":16,"column":null}}],"line":15},"1":{"loc":{"start":{"line":15,"column":8},"end":{"line":15,"column":57}},"type":"binary-expr","locations":[{"start":{"line":15,"column":8},"end":{"line":15,"column":34}},{"start":{"line":15,"column":34},"end":{"line":15,"column":57}}],"line":15},"2":{"loc":{"start":{"line":16,"column":9},"end":{"line":16,"column":null}},"type":"if","locations":[{"start":{"line":16,"column":9},"end":{"line":16,"column":null}},{"start":{},"end":{}}],"line":16},"3":{"loc":{"start":{"line":23,"column":4},"end":{"line":25,"column":null}},"type":"if","locations":[{"start":{"line":23,"column":4},"end":{"line":25,"column":null}},{"start":{},"end":{}}],"line":23},"4":{"loc":{"start":{"line":23,"column":8},"end":{"line":23,"column":57}},"type":"binary-expr","locations":[{"start":{"line":23,"column":8},"end":{"line":23,"column":32}},{"start":{"line":23,"column":32},"end":{"line":23,"column":57}}],"line":23},"5":{"loc":{"start":{"line":29,"column":4},"end":{"line":29,"column":null}},"type":"if","locations":[{"start":{"line":29,"column":4},"end":{"line":29,"column":null}},{"start":{},"end":{}}],"line":29},"6":{"loc":{"start":{"line":94,"column":10},"end":{"line":96,"column":null}},"type":"cond-expr","locations":[{"start":{"line":95,"column":14},"end":{"line":95,"column":null}},{"start":{"line":96,"column":14},"end":{"line":96,"column":null}}],"line":94},"7":{"loc":{"start":{"line":100,"column":46},"end":{"line":100,"column":null}},"type":"cond-expr","locations":[{"start":{"line":100,"column":53},"end":{"line":100,"column":88}},{"start":{"line":100,"column":88},"end":{"line":100,"column":null}}],"line":100},"8":{"loc":{"start":{"line":101,"column":13},"end":{"line":101,"column":null}},"type":"cond-expr","locations":[{"start":{"line":101,"column":20},"end":{"line":101,"column":49}},{"start":{"line":101,"column":48},"end":{"line":101,"column":null}}],"line":101},"9":{"loc":{"start":{"line":106,"column":15},"end":{"line":106,"column":null}},"type":"cond-expr","locations":[{"start":{"line":106,"column":22},"end":{"line":106,"column":34}},{"start":{"line":106,"column":34},"end":{"line":106,"column":null}}],"line":106},"10":{"loc":{"start":{"line":109,"column":15},"end":{"line":109,"column":null}},"type":"cond-expr","locations":[{"start":{"line":109,"column":22},"end":{"line":109,"column":44}},{"start":{"line":109,"column":44},"end":{"line":109,"column":null}}],"line":109},"11":{"loc":{"start":{"line":113,"column":11},"end":{"line":133,"column":null}},"type":"binary-expr","locations":[{"start":{"line":113,"column":11},"end":{"line":113,"column":null}},{"start":{"line":114,"column":12},"end":{"line":133,"column":null}}],"line":113},"12":{"loc":{"start":{"line":119,"column":16},"end":{"line":121,"column":null}},"type":"if","locations":[{"start":{"line":119,"column":16},"end":{"line":121,"column":null}},{"start":{},"end":{}}],"line":119},"13":{"loc":{"start":{"line":119,"column":20},"end":{"line":119,"column":56}},"type":"binary-expr","locations":[{"start":{"line":119,"column":20},"end":{"line":119,"column":41}},{"start":{"line":119,"column":41},"end":{"line":119,"column":56}}],"line":119},"14":{"loc":{"start":{"line":130,"column":33},"end":{"line":130,"column":null}},"type":"binary-expr","locations":[{"start":{"line":130,"column":33},"end":{"line":130,"column":51}},{"start":{"line":130,"column":51},"end":{"line":130,"column":null}}],"line":130},"15":{"loc":{"start":{"line":136,"column":11},"end":{"line":145,"column":null}},"type":"binary-expr","locations":[{"start":{"line":136,"column":11},"end":{"line":136,"column":null}},{"start":{"line":137,"column":12},"end":{"line":145,"column":null}}],"line":136},"16":{"loc":{"start":{"line":140,"column":26},"end":{"line":140,"column":null}},"type":"cond-expr","locations":[{"start":{"line":140,"column":38},"end":{"line":140,"column":60}},{"start":{"line":140,"column":60},"end":{"line":140,"column":null}}],"line":140},"17":{"loc":{"start":{"line":144,"column":15},"end":{"line":144,"column":null}},"type":"cond-expr","locations":[{"start":{"line":144,"column":27},"end":{"line":144,"column":47}},{"start":{"line":144,"column":47},"end":{"line":144,"column":null}}],"line":144}},"s":{"0":1,"1":2,"2":2,"3":2,"4":2,"5":2,"6":0,"7":0,"8":0,"9":0,"10":0,"11":0,"12":2,"13":0,"14":0,"15":0,"16":0,"17":0,"18":2,"19":0,"20":0,"21":0,"22":0,"23":0,"24":0,"25":0,"26":0,"27":0,"28":0,"29":0,"30":2,"31":0,"32":0,"33":0},"f":{"0":2,"1":0,"2":0,"3":0,"4":0,"5":0,"6":0},"b":{"0":[0,0],"1":[0,0],"2":[0,0],"3":[0,0],"4":[0,0],"5":[0,0],"6":[0,2],"7":[0,2],"8":[0,2],"9":[0,2],"10":[0,2],"11":[2,2],"12":[0,0],"13":[0,0],"14":[0,0],"15":[2,0],"16":[0,0],"17":[0,0]},"meta":{"lastBranch":18,"lastFunction":7,"lastStatement":34,"seen":{"s:6:6:151:Infinity":0,"f:6:6:6:37":0,"s:7:38:7:Infinity":1,"s:8:26:8:Infinity":2,"s:9:36:9:Infinity":3,"s:10:31:10:42":4,"s:12:21:17:Infinity":5,"f:12:21:12:34":1,"s:13:4:13:Infinity":6,"s:14:4:14:Infinity":7,"b:15:4:16:Infinity:16:9:16:Infinity":0,"s:15:4:16:Infinity":8,"b:15:8:15:34:15:34:15:57":1,"s:15:57:15:Infinity":9,"b:16:9:16:Infinity:undefined:undefined:undefined:undefined":2,"s:16:9:16:Infinity":10,"s:16:37:16:Infinity":11,"s:19:21:26:Infinity":12,"f:19:21:19:34":2,"s:20:4:20:Infinity":13,"s:21:4:21:Infinity":14,"s:22:4:22:Infinity":15,"b:23:4:25:Infinity:undefined:undefined:undefined:undefined":3,"s:23:4:25:Infinity":16,"b:23:8:23:32:23:32:23:57":4,"s:24:6:24:Infinity":17,"s:28:23:82:Infinity":18,"f:28:23:28:35":3,"b:29:4:29:Infinity:undefined:undefined:undefined:undefined":5,"s:29:4:29:Infinity":19,"s:29:15:29:Infinity":20,"s:30:4:30:Infinity":21,"s:32:21:32:Infinity":22,"s:33:4:33:Infinity":23,"s:35:4:81:Infinity":24,"s:40:6:77:Infinity":25,"f:40:6:40:23":4,"s:41:8:75:Infinity":26,"s:76:8:76:Infinity":27,"s:79:6:79:Infinity":28,"s:80:6:80:Infinity":29,"s:84:2:149:Infinity":30,"b:95:14:95:Infinity:96:14:96:Infinity":6,"b:100:53:100:88:100:88:100:Infinity":7,"b:101:20:101:49:101:48:101:Infinity":8,"b:106:22:106:34:106:34:106:Infinity":9,"b:109:22:109:44:109:44:109:Infinity":10,"b:113:11:113:Infinity:114:12:133:Infinity":11,"f:118:14:118:26":5,"b:119:16:121:Infinity:undefined:undefined:undefined:undefined":12,"s:119:16:121:Infinity":31,"b:119:20:119:41:119:41:119:56":13,"s:120:18:120:Infinity":32,"f:130:16:130:27":6,"s:130:33:130:Infinity":33,"b:130:33:130:51:130:51:130:Infinity":14,"b:136:11:136:Infinity:137:12:145:Infinity":15,"b:140:38:140:60:140:60:140:Infinity":16,"b:144:27:144:47:144:47:144:Infinity":17},"fnNames":{}}}
,"/home/vishal-kumar/.gemini/antigravity/scratch/forecast_ai/frontend/src/components/FloatingAssistant.tsx": {"path":"/home/vishal-kumar/.gemini/antigravity/scratch/forecast_ai/frontend/src/components/FloatingAssistant.tsx","statementMap":{"0":{"start":{"line":5,"column":6},"end":{"line":107,"column":null}},"1":{"start":{"line":6,"column":72},"end":{"line":6,"column":83}},"2":{"start":{"line":7,"column":34},"end":{"line":9,"column":null}},"3":{"start":{"line":10,"column":28},"end":{"line":10,"column":null}},"4":{"start":{"line":12,"column":8},"end":{"line":40,"column":null}},"5":{"start":{"line":13,"column":4},"end":{"line":13,"column":null}},"6":{"start":{"line":13,"column":23},"end":{"line":13,"column":null}},"7":{"start":{"line":15,"column":20},"end":{"line":15,"column":null}},"8":{"start":{"line":16,"column":4},"end":{"line":16,"column":null}},"9":{"start":{"line":17,"column":4},"end":{"line":17,"column":null}},"10":{"start":{"line":20,"column":4},"end":{"line":39,"column":null}},"11":{"start":{"line":21,"column":23},"end":{"line":21,"column":null}},"12":{"start":{"line":22,"column":25},"end":{"line":22,"column":null}},"13":{"start":{"line":24,"column":6},"end":{"line":36,"column":null}},"14":{"start":{"line":25,"column":8},"end":{"line":25,"column":null}},"15":{"start":{"line":26,"column":8},"end":{"line":26,"column":null}},"16":{"start":{"line":27,"column":13},"end":{"line":36,"column":null}},"17":{"start":{"line":28,"column":8},"end":{"line":28,"column":null}},"18":{"start":{"line":29,"column":8},"end":{"line":29,"column":null}},"19":{"start":{"line":30,"column":13},"end":{"line":36,"column":null}},"20":{"start":{"line":31,"column":8},"end":{"line":31,"column":null}},"21":{"start":{"line":32,"column":8},"end":{"line":32,"column":null}},"22":{"start":{"line":33,"column":13},"end":{"line":36,"column":null}},"23":{"start":{"line":34,"column":8},"end":{"line":34,"column":null}},"24":{"start":{"line":35,"column":8},"end":{"line":35,"column":null}},"25":{"start":{"line":38,"column":6},"end":{"line":38,"column":null}},"26":{"start":{"line":42,"column":2},"end":{"line":105,"column":null}},"27":{"start":{"line":73,"column":14},"end":{"line":81,"column":null}},"28":{"start":{"line":89,"column":31},"end":{"line":89,"column":null}},"29":{"start":{"line":90,"column":32},"end":{"line":90,"column":null}}},"fnMap":{"0":{"name":"(anonymous_0)","decl":{"start":{"line":5,"column":6},"end":{"line":5,"column":42}},"loc":{"start":{"line":5,"column":42},"end":{"line":107,"column":null}},"line":5},"1":{"name":"(anonymous_1)","decl":{"start":{"line":12,"column":8},"end":{"line":12,"column":27}},"loc":{"start":{"line":12,"column":27},"end":{"line":40,"column":null}},"line":12},"2":{"name":"(anonymous_2)","decl":{"start":{"line":20,"column":4},"end":{"line":20,"column":21}},"loc":{"start":{"line":20,"column":21},"end":{"line":39,"column":7}},"line":20},"3":{"name":"(anonymous_3)","decl":{"start":{"line":72,"column":22},"end":{"line":72,"column":27}},"loc":{"start":{"line":73,"column":14},"end":{"line":81,"column":null}},"line":73},"4":{"name":"(anonymous_4)","decl":{"start":{"line":89,"column":14},"end":{"line":89,"column":25}},"loc":{"start":{"line":89,"column":31},"end":{"line":89,"column":null}},"line":89},"5":{"name":"(anonymous_5)","decl":{"start":{"line":90,"column":14},"end":{"line":90,"column":26}},"loc":{"start":{"line":90,"column":32},"end":{"line":90,"column":null}},"line":90}},"branchMap":{"0":{"loc":{"start":{"line":13,"column":4},"end":{"line":13,"column":null}},"type":"if","locations":[{"start":{"line":13,"column":4},"end":{"line":13,"column":null}},{"start":{},"end":{}}],"line":13},"1":{"loc":{"start":{"line":24,"column":6},"end":{"line":36,"column":null}},"type":"if","locations":[{"start":{"line":24,"column":6},"end":{"line":36,"column":null}},{"start":{"line":27,"column":13},"end":{"line":36,"column":null}}],"line":24},"2":{"loc":{"start":{"line":27,"column":13},"end":{"line":36,"column":null}},"type":"if","locations":[{"start":{"line":27,"column":13},"end":{"line":36,"column":null}},{"start":{"line":30,"column":13},"end":{"line":36,"column":null}}],"line":27},"3":{"loc":{"start":{"line":30,"column":13},"end":{"line":36,"column":null}},"type":"if","locations":[{"start":{"line":30,"column":13},"end":{"line":36,"column":null}},{"start":{"line":33,"column":13},"end":{"line":36,"column":null}}],"line":30},"4":{"loc":{"start":{"line":33,"column":13},"end":{"line":36,"column":null}},"type":"if","locations":[{"start":{"line":33,"column":13},"end":{"line":36,"column":null}},{"start":{},"end":{}}],"line":33},"5":{"loc":{"start":{"line":47,"column":20},"end":{"line":47,"column":null}},"type":"cond-expr","locations":[{"start":{"line":47,"column":38},"end":{"line":47,"column":61}},{"start":{"line":47,"column":61},"end":{"line":47,"column":null}}],"line":47},"6":{"loc":{"start":{"line":50,"column":9},"end":{"line":50,"column":null}},"type":"cond-expr","locations":[{"start":{"line":50,"column":27},"end":{"line":50,"column":46}},{"start":{"line":50,"column":45},"end":{"line":50,"column":null}}],"line":50},"7":{"loc":{"start":{"line":54,"column":7},"end":{"line":105,"column":null}},"type":"binary-expr","locations":[{"start":{"line":54,"column":7},"end":{"line":54,"column":null}},{"start":{"line":55,"column":8},"end":{"line":105,"column":null}}],"line":54},"8":{"loc":{"start":{"line":73,"column":48},"end":{"line":73,"column":null}},"type":"cond-expr","locations":[{"start":{"line":73,"column":70},"end":{"line":73,"column":86}},{"start":{"line":73,"column":86},"end":{"line":73,"column":null}}],"line":73},"9":{"loc":{"start":{"line":75,"column":18},"end":{"line":77,"column":null}},"type":"cond-expr","locations":[{"start":{"line":76,"column":22},"end":{"line":76,"column":null}},{"start":{"line":77,"column":22},"end":{"line":77,"column":null}}],"line":75},"10":{"loc":{"start":{"line":90,"column":32},"end":{"line":90,"column":null}},"type":"binary-expr","locations":[{"start":{"line":90,"column":32},"end":{"line":90,"column":53}},{"start":{"line":90,"column":53},"end":{"line":90,"column":null}}],"line":90}},"s":{"0":2,"1":3,"2":3,"3":3,"4":3,"5":0,"6":0,"7":0,"8":0,"9":0,"10":0,"11":0,"12":0,"13":0,"14":0,"15":0,"16":0,"17":0,"18":0,"19":0,"20":0,"21":0,"22":0,"23":0,"24":0,"25":0,"26":3,"27":0,"28":0,"29":0},"f":{"0":3,"1":0,"2":0,"3":0,"4":0,"5":0},"b":{"0":[0,0],"1":[0,0],"2":[0,0],"3":[0,0],"4":[0,0],"5":[0,3],"6":[0,3],"7":[3,0],"8":[0,0],"9":[0,0],"10":[0,0]},"meta":{"lastBranch":11,"lastFunction":6,"lastStatement":30,"seen":{"s:5:6:107:Infinity":0,"f:5:6:5:42":0,"s:6:72:6:83":1,"s:7:34:9:Infinity":2,"s:10:28:10:Infinity":3,"s:12:8:40:Infinity":4,"f:12:8:12:27":1,"b:13:4:13:Infinity:undefined:undefined:undefined:undefined":0,"s:13:4:13:Infinity":5,"s:13:23:13:Infinity":6,"s:15:20:15:Infinity":7,"s:16:4:16:Infinity":8,"s:17:4:17:Infinity":9,"s:20:4:39:Infinity":10,"f:20:4:20:21":2,"s:21:23:21:Infinity":11,"s:22:25:22:Infinity":12,"b:24:6:36:Infinity:27:13:36:Infinity":1,"s:24:6:36:Infinity":13,"s:25:8:25:Infinity":14,"s:26:8:26:Infinity":15,"b:27:13:36:Infinity:30:13:36:Infinity":2,"s:27:13:36:Infinity":16,"s:28:8:28:Infinity":17,"s:29:8:29:Infinity":18,"b:30:13:36:Infinity:33:13:36:Infinity":3,"s:30:13:36:Infinity":19,"s:31:8:31:Infinity":20,"s:32:8:32:Infinity":21,"b:33:13:36:Infinity:undefined:undefined:undefined:undefined":4,"s:33:13:36:Infinity":22,"s:34:8:34:Infinity":23,"s:35:8:35:Infinity":24,"s:38:6:38:Infinity":25,"s:42:2:105:Infinity":26,"b:47:38:47:61:47:61:47:Infinity":5,"b:50:27:50:46:50:45:50:Infinity":6,"b:54:7:54:Infinity:55:8:105:Infinity":7,"f:72:22:72:27":3,"s:73:14:81:Infinity":27,"b:73:70:73:86:73:86:73:Infinity":8,"b:76:22:76:Infinity:77:22:77:Infinity":9,"f:89:14:89:25":4,"s:89:31:89:Infinity":28,"f:90:14:90:26":5,"s:90:32:90:Infinity":29,"b:90:32:90:53:90:53:90:Infinity":10},"fnNames":{}}}
,"/home/vishal-kumar/.gemini/antigravity/scratch/forecast_ai/frontend/src/store/uiStore.ts": {"path":"/home/vishal-kumar/.gemini/antigravity/scratch/forecast_ai/frontend/src/store/uiStore.ts","statementMap":{"0":{"start":{"line":18,"column":26},"end":{"line":38,"column":null}},"1":{"start":{"line":18,"column":52},"end":{"line":38,"column":2}},"2":{"start":{"line":22,"column":4},"end":{"line":26,"column":null}},"3":{"start":{"line":23,"column":6},"end":{"line":23,"column":null}},"4":{"start":{"line":25,"column":6},"end":{"line":25,"column":null}},"5":{"start":{"line":27,"column":4},"end":{"line":27,"column":null}},"6":{"start":{"line":31,"column":25},"end":{"line":31,"column":null}},"7":{"start":{"line":31,"column":41},"end":{"line":31,"column":85}},"8":{"start":{"line":34,"column":30},"end":{"line":34,"column":null}},"9":{"start":{"line":37,"column":29},"end":{"line":37,"column":null}}},"fnMap":{"0":{"name":"(anonymous_0)","decl":{"start":{"line":18,"column":26},"end":{"line":18,"column":43}},"loc":{"start":{"line":18,"column":52},"end":{"line":38,"column":2}},"line":18},"1":{"name":"(anonymous_1)","decl":{"start":{"line":20,"column":2},"end":{"line":20,"column":13}},"loc":{"start":{"line":20,"column":23},"end":{"line":28,"column":null}},"line":20},"2":{"name":"(anonymous_2)","decl":{"start":{"line":31,"column":2},"end":{"line":31,"column":25}},"loc":{"start":{"line":31,"column":25},"end":{"line":31,"column":null}},"line":31},"3":{"name":"(anonymous_3)","decl":{"start":{"line":31,"column":25},"end":{"line":31,"column":30}},"loc":{"start":{"line":31,"column":41},"end":{"line":31,"column":85}},"line":31},"4":{"name":"(anonymous_4)","decl":{"start":{"line":34,"column":2},"end":{"line":34,"column":21}},"loc":{"start":{"line":34,"column":30},"end":{"line":34,"column":null}},"line":34},"5":{"name":"(anonymous_5)","decl":{"start":{"line":37,"column":2},"end":{"line":37,"column":18}},"loc":{"start":{"line":37,"column":29},"end":{"line":37,"column":null}},"line":37}},"branchMap":{"0":{"loc":{"start":{"line":22,"column":4},"end":{"line":26,"column":null}},"type":"if","locations":[{"start":{"line":22,"column":4},"end":{"line":26,"column":null}},{"start":{"line":24,"column":11},"end":{"line":26,"column":null}}],"line":22}},"s":{"0":3,"1":3,"2":0,"3":0,"4":0,"5":0,"6":0,"7":0,"8":0,"9":0},"f":{"0":3,"1":0,"2":0,"3":0,"4":0,"5":0},"b":{"0":[0,0]},"meta":{"lastBranch":1,"lastFunction":6,"lastStatement":10,"seen":{"s:18:26:38:Infinity":0,"f:18:26:18:43":0,"s:18:52:38:2":1,"f:20:2:20:13":1,"b:22:4:26:Infinity:24:11:26:Infinity":0,"s:22:4:26:Infinity":2,"s:23:6:23:Infinity":3,"s:25:6:25:Infinity":4,"s:27:4:27:Infinity":5,"f:31:2:31:25":2,"s:31:25:31:Infinity":6,"f:31:25:31:30":3,"s:31:41:31:85":7,"f:34:2:34:21":4,"s:34:30:34:Infinity":8,"f:37:2:37:18":5,"s:37:29:37:Infinity":9},"fnNames":{}}}
}
